Warning: Task:Criar cdus das funcionalidades priorizadas: missing resource file './../../SistemasGestaoWeb/disciplines/An&aacute;lise do sistema a ser desenvolvido_B162003D.html'
Warning: Task:Entendimento do negócio: missing resource file './../../SistemasGestaoWeb/disciplines/An&aacute;lise do sistema a ser desenvolvido_B162003D.html'
Warning: Task:Levantamento de requisitos: missing resource file './../../SistemasGestaoWeb/disciplines/An&aacute;lise do sistema a ser desenvolvido_B162003D.html'
Warning: Task:Priorização de funcionalidades: missing resource file './../../SistemasGestaoWeb/disciplines/An&aacute;lise do sistema a ser desenvolvido_B162003D.html'
Warning: Task:Entrega da documentação de desenvolvimento: missing resource file './../../SistemasGestaoWeb/disciplines/Apresenta&ccedil;&atilde;o dos resultados_CCD9681A.html'
Warning: Task:Reunião de demonstração: missing resource file './../../SistemasGestaoWeb/disciplines/Apresenta&ccedil;&atilde;o dos resultados_CCD9681A.html'
Warning: Task:Validação do cliente: missing resource file './../../SistemasGestaoWeb/disciplines/Apresenta&ccedil;&atilde;o dos resultados_CCD9681A.html'
Warning: Task:Estudo da documentação do negócio: missing resource file './../../SistemasGestaoWeb/disciplines/Prepara&ccedil;&atilde;o para o desenvolvimento_F225CEFE.html'
Warning: Task:Identificar entidades do sistema: missing resource file './../../SistemasGestaoWeb/disciplines/Prepara&ccedil;&atilde;o para o desenvolvimento_F225CEFE.html'
Warning: Task:Planejar interfaces do sistema: missing resource file './../../SistemasGestaoWeb/disciplines/Prepara&ccedil;&atilde;o para o desenvolvimento_F225CEFE.html'
Warning: Task:Revisão da lista de cdus priorizados: missing resource file './../../SistemasGestaoWeb/disciplines/Prepara&ccedil;&atilde;o para o desenvolvimento_F225CEFE.html'
Warning: Artifact:Cdus priorizadas: missing resource file './../../SistemasGestaoWeb/workproducttypes/An&aacute;lise do sistema a ser desenvolvido artefatos_A409FA6B.html'
Warning: Artifact:Documento de visão: missing resource file './../../SistemasGestaoWeb/workproducttypes/An&aacute;lise do sistema a ser desenvolvido artefatos_A409FA6B.html'
Warning: Artifact:Documento de visão: missing resource file './../../SistemasGestaoWeb/tasks/Entendimento do neg&oacute;cio_2DEB6E25.html'
Warning: Artifact:Documento do negócio: missing resource file './../../SistemasGestaoWeb/workproducttypes/An&aacute;lise do sistema a ser desenvolvido artefatos_A409FA6B.html'
Warning: Artifact:Documento do negócio: missing resource file './../../SistemasGestaoWeb/tasks/Entendimento do neg&oacute;cio_2DEB6E25.html'
Warning: Artifact:Lista de funcionalidades por priorização: missing resource file './../../SistemasGestaoWeb/workproducttypes/An&aacute;lise do sistema a ser desenvolvido artefatos_A409FA6B.html'
Warning: Artifact:Lista de funcionalidades por priorização: missing resource file './../../SistemasGestaoWeb/tasks/Prioriza&ccedil;&atilde;o de funcionalidades_B356FA2F.html'
Warning: Artifact:Ata da reunião: missing resource file './../../SistemasGestaoWeb/tasks/Reuni&atilde;o com o cliente_D022C391.html'
Warning: Artifact:Conjunto de entidades do gerenciador: missing resource file './../../SistemasGestaoWeb/tasks/Reuni&atilde;o de demonstra&ccedil;&atilde;o_4497174E.html'
Warning: Artifact:Documentação de desenvolvimento: missing resource file './../../SistemasGestaoWeb/tasks/Entrega da documenta&ccedil;&atilde;o de desenvolvimento_30911A49.html'
Warning: Artifact:Documentação de desenvolvimento: missing resource file './../../SistemasGestaoWeb/tasks/Criar documenta&ccedil;&atilde;o de desenvolvimento_CDD66930.html'
Warning: Artifact:Interface do sistema de gerenciamento: missing resource file './../../SistemasGestaoWeb/tasks/Reuni&atilde;o de demonstra&ccedil;&atilde;o_4497174E.html'
Warning: Artifact:Protótipos readequados: missing resource file './../../SistemasGestaoWeb/tasks/Adequar interfaces ao neg&oacute;cio_38DE1777.html'
Warning: Artifact:Solicitação de modificações: missing resource file './../../SistemasGestaoWeb/tasks/Reuni&atilde;o com o cliente_D022C391.html'
Warning: Artifact:Entidades do sistema: missing resource file './../../SistemasGestaoWeb/workproducttypes/Prepara&ccedil;&atilde;o do desenvolvimento artefatos_DA2EF5BB.html'
Warning: Artifact:Lista de cdus revisada: missing resource file './../../SistemasGestaoWeb/workproducttypes/Prepara&ccedil;&atilde;o do desenvolvimento artefatos_DA2EF5BB.html'
Warning: Artifact:Lista de cdus revisada: missing resource file './../../SistemasGestaoWeb/tasks/Revis&atilde;o da lista de cdus priorizados_ADD78672.html'
Warning: Artifact:Protótipos de tela: missing resource file './../../SistemasGestaoWeb/workproducttypes/Prepara&ccedil;&atilde;o do desenvolvimento artefatos_DA2EF5BB.html'
Warning: Artifact:Protótipos de tela: missing resource file './../../SistemasGestaoWeb/tasks/Adequar interfaces ao neg&oacute;cio_38DE1777.html'
Warning: Artifact:Visão da equipe sobre o negócio: missing resource file './../../SistemasGestaoWeb/workproducttypes/Prepara&ccedil;&atilde;o do desenvolvimento artefatos_DA2EF5BB.html'
Warning: Artifact:Visão da equipe sobre o negócio: missing resource file './../../SistemasGestaoWeb/tasks/Estudo da documenta&ccedil;&atilde;o do neg&oacute;cio_777276DC.html'
Warning: Role:Analista: missing resource file './../../SistemasGestaoWeb/tasks/Estudo da documenta&ccedil;&atilde;o do neg&oacute;cio_777276DC.html'
Warning: Role:Analista: missing resource file './../../SistemasGestaoWeb/tasks/Reuni&atilde;o com o cliente_D022C391.html'
Warning: Role:Analista: missing resource file './../../SistemasGestaoWeb/tasks/Revis&atilde;o da lista de cdus priorizados_ADD78672.html'
Warning: Role:Cliente: missing resource file './../../SistemasGestaoWeb/tasks/Reuni&atilde;o com o cliente_D022C391.html'
Warning: Role:Cliente: missing resource file './../../SistemasGestaoWeb/tasks/Estudo da documenta&ccedil;&atilde;o do neg&oacute;cio_777276DC.html'
Warning: Role:Desenvolvedor: missing resource file './../../SistemasGestaoWeb/tasks/Criar documenta&ccedil;&atilde;o de desenvolvimento_CDD66930.html'
Warning: Role:Desenvolvedor: missing resource file './../../SistemasGestaoWeb/tasks/Estudo da documenta&ccedil;&atilde;o do neg&oacute;cio_777276DC.html'
Warning: Role:Desenvolvedor: missing resource file './../../SistemasGestaoWeb/tasks/Reuni&atilde;o com o cliente_D022C391.html'
Warning: Role:Desenvolvedor: missing resource file './../../SistemasGestaoWeb/tasks/Revis&atilde;o da lista de cdus priorizados_ADD78672.html'
Warning: Role:Designer: missing resource file './../../SistemasGestaoWeb/tasks/Criar documenta&ccedil;&atilde;o de desenvolvimento_CDD66930.html'
Warning: Role:Designer: missing resource file './../../SistemasGestaoWeb/tasks/Estudo da documenta&ccedil;&atilde;o do neg&oacute;cio_777276DC.html'
Warning: Role:Designer: missing resource file './../../SistemasGestaoWeb/tasks/Reuni&atilde;o com o cliente_D022C391.html'
Warning: Role:Analista: missing resource file './../../SistemasGestaoWeb/tasks/Criar documenta&ccedil;&atilde;o de desenvolvimento_CDD66930.html'
Warning: Role:Analista: missing resource file './../../SistemasGestaoWeb/tasks/Entendimento do neg&oacute;cio_2DEB6E25.html'
Warning: Role:Analista: missing resource file './../../SistemasGestaoWeb/tasks/Prioriza&ccedil;&atilde;o de funcionalidades_B356FA2F.html'
Warning: Role:Cliente: missing resource file './../../SistemasGestaoWeb/tasks/Entendimento do neg&oacute;cio_2DEB6E25.html'
Warning: Role:Cliente: missing resource file './../../SistemasGestaoWeb/tasks/Prioriza&ccedil;&atilde;o de funcionalidades_B356FA2F.html'
Warning: Role:Cliente: missing resource file './../../SistemasGestaoWeb/tasks/Valida&ccedil;&atilde;o do cliente_8D15EE8B.html'
Warning: Role:Analista: missing resource file './../../SistemasGestaoWeb/tasks/Entrega da documenta&ccedil;&atilde;o de desenvolvimento_30911A49.html'
Warning: Role:Cliente: missing resource file './../../SistemasGestaoWeb/tasks/Entrega da documenta&ccedil;&atilde;o de desenvolvimento_30911A49.html'
Warning: Role:Cliente: missing resource file './../../SistemasGestaoWeb/tasks/Reuni&atilde;o de demonstra&ccedil;&atilde;o_4497174E.html'
Warning: Role:Desenvolvedor: missing resource file './../../SistemasGestaoWeb/tasks/Entrega da documenta&ccedil;&atilde;o de desenvolvimento_30911A49.html'
Warning: Role:Desenvolvedor: missing resource file './../../SistemasGestaoWeb/tasks/Reuni&atilde;o de demonstra&ccedil;&atilde;o_4497174E.html'
Warning: Role:Designer: missing resource file './../../SistemasGestaoWeb/tasks/Adequar interfaces ao neg&oacute;cio_38DE1777.html'
